<?xml version="1.0" encoding="UTF-8"?>
<!-- Generated by org.testng.reporters.JUnitReportReporter -->
<testsuite hostname="Andromeda" name="niranjanJoshi.NewTest" tests="1" failures="0" timestamp="13 Jun 2014 01:53:58 GMT" time="0.015" errors="0">
  <testcase name="f" time="0.015" classname="niranjanJoshi.NewTest"/>
</testsuite> <!-- niranjanJoshi.NewTest -->
